2024-10-31 15:48:31,895 Openshift Upgrade Automation starting...
2024-10-31 15:48:33,364 Next version does not exist yet, upgrade will not commence until the newest version is past the next version. Exiting...
2024-10-31 16:01:45,005 Openshift Upgrade Automation starting...
2024-10-31 16:01:47,385 Next version does not exist yet, the latest version is n+1 from the current version, upgrade will not commence until the newest version is past the next version. Updating next version to the latest version. Exiting...
2024-10-31 16:03:06,961 Openshift Upgrade Automation starting...
2024-10-31 16:03:09,714 Next version does not exist yet, the latest version is n+1 from the current version, upgrade will not commence until the newest version is past the next version. Updating next version to the latest version. Exiting...
2024-10-31 16:05:20,162 Openshift Upgrade Automation starting...
2024-10-31 16:06:04,538 Openshift Upgrade Automation starting...
2024-10-31 16:06:06,970 Next version does not exist yet, the latest version is n+1 from the current version, upgrade will not commence until the newest version is past the next version. Updating next version to the latest version. Exiting...
2024-10-31 16:10:30,926 Openshift Upgrade Automation starting...
2024-10-31 16:10:33,874 Next version does not exist yet, the latest version is n+1 from the current version, upgrade will not commence until the newest version is past the next version. Updating next version to the latest version. Exiting...
2024-10-31 16:11:06,951 Openshift Upgrade Automation starting...
2024-10-31 16:11:10,333 Next version does not exist yet, the latest version is n+1 from the current version, upgrade will not commence until the newest version is past the next version. Updating next version to the latest version. Exiting...
2024-10-31 16:12:03,484 Openshift Upgrade Automation starting...
2024-10-31 16:12:05,833 Next version does not exist yet, the latest version is n+1 from the current version, upgrade will not commence until the newest version is past the next version. Updating next version to the latest version. Exiting...
2024-10-31 16:12:17,340 Openshift Upgrade Automation starting...
2024-10-31 16:12:19,415 Next version does not exist yet, the latest version is n+1 from the current version, upgrade will not commence until the newest version is past the next version. Updating next version to the latest version. Exiting...
2024-10-31 16:12:27,718 Openshift Upgrade Automation starting...
2024-10-31 16:12:30,099 Next version does not exist yet, the latest version is n+1 from the current version, upgrade will not commence until the newest version is past the next version. Updating next version to the latest version. Exiting...
2024-10-31 16:15:36,516 Openshift Upgrade Automation starting...
2024-10-31 16:15:38,789 Next version does not exist yet, the latest version is n+1 from the current version, upgrade will not commence until the newest version is past the next version. Updating next version to the latest version. Exiting...
2024-10-31 16:16:03,723 Openshift Upgrade Automation starting...
2024-10-31 16:23:40,031 Openshift Upgrade Automation starting...
2024-10-31 16:24:25,370 Openshift Upgrade Automation starting...
2024-10-31 16:24:27,667 Next version does not exist yet, the latest version is n+1 from the current version, upgrade will not commence until the newest version is past the next version. Updating next version to the latest version. Exiting...
2024-10-31 16:24:59,951 Openshift Upgrade Automation starting...
2024-10-31 16:25:53,376 Openshift Upgrade Automation starting...
2024-10-31 16:27:15,492 Openshift Upgrade Automation starting...
2024-10-31 16:27:18,033 Latest version is newer than next version. Update the current version to the next version, update the next version to the latest version in config.yml. Upgrading helm chart to the next version...
2024-10-31 16:27:29,049 Openshift Upgrade Automation starting...
2024-10-31 16:27:31,132 Latest version is the same as next version. upgrade will not commence until the newest version is past the next version
2024-10-31 16:35:42,233 Openshift Upgrade Automation starting...
2024-10-31 16:35:45,012 Latest version is newer than next version. Update the current version to the next version, update the next version to the latest version in config.yml. Upgrading helm chart to the next version...
2024-10-31 16:41:28,719 Openshift Upgrade Automation starting...
2024-10-31 16:41:31,233 Latest version is newer than next version. Update the current version to the next version, update the next version to the latest version in config.yml. Upgrading helm chart to the next version...
2024-10-31 16:42:45,939 Openshift Upgrade Automation starting...
2024-10-31 16:42:48,158 Latest version is newer than next version. Update the current version to the next version, update the next version to the latest version in config.yml. Upgrading helm chart to the next version...
2024-10-31 16:43:22,850 Openshift Upgrade Automation starting...
2024-10-31 16:43:25,630 Latest version is newer than next version. Update the current version to the next version, update the next version to the latest version in config.yml. Upgrading helm chart to the next version...
2024-10-31 16:44:21,520 Openshift Upgrade Automation starting...
2024-10-31 16:44:23,831 Latest version is newer than next version. Update the current version to the next version, update the next version to the latest version in config.yml. Upgrading helm chart to the next version...
2024-10-31 16:44:52,383 Openshift Upgrade Automation starting...
2024-10-31 16:44:54,603 Latest version is newer than next version. Update the current version to the next version, update the next version to the latest version in config.yml. Upgrading helm chart to the next version...
2024-10-31 16:49:29,209 Openshift Upgrade Automation starting...
2024-10-31 16:49:31,699 Latest version is newer than next version. Update the current version to the next version, update the next version to the latest version in config.yml. Upgrading helm chart to the next version...
2024-10-31 16:51:50,620 Openshift Upgrade Automation starting...
2024-10-31 16:52:03,761 Openshift Upgrade Automation starting...
2024-10-31 16:52:05,914 Next version does not exist yet, the latest version is n+1 from the current version, upgrade will not commence until the newest version is past the next version. Updating next version to the latest version. Exiting...
2024-10-31 16:52:22,372 Openshift Upgrade Automation starting...
2024-10-31 16:52:24,445 Latest version is newer than next version. Update the current version to the next version, update the next version to the latest version in config.yml. Upgrading helm chart to the next version...
2024-10-31 17:16:23,640 Openshift Upgrade Automation starting...
2024-10-31 17:16:51,213 Openshift Upgrade Automation starting...
2024-10-31 17:19:50,019 Openshift Upgrade Automation starting...
2024-10-31 17:19:52,586 Latest version is newer than next version. Update the current version to the next version, update the next version to the latest version in config.yml. Upgrading helm chart to the next version...
